<?xml version="1.0" encoding="UTF-8"?>
<!-- Generated by org.testng.reporters.JUnitReportReporter -->
<testsuite skipped="0" hostname="IN-FCM00Z2" name="SeleniumTricks.SeleniumTest1" tests="1" failures="0" timestamp="07 Jun 2021 02:53:42 GMT" time="15.052" errors="0">
  <testcase name="TestNgMethod" time="15.052" classname="SeleniumTricks.SeleniumTest1"/>
</testsuite> <!-- SeleniumTricks.SeleniumTest1 -->
