<?xml version="1.0" encoding="UTF-8"?>
<!-- Generated by org.testng.reporters.JUnitReportReporter -->
<testsuite skipped="0" hostname="IN-FCM00Z2" name="mytests.HomePageTest" tests="2" failures="0" timestamp="27 Dec 2021 04:31:01 GMT" time="0.325" errors="0">
  <testcase name="contactFooterTest" time="0.161" classname="mytests.HomePageTest"/>
  <testcase name="headerTest" time="0.164" classname="mytests.HomePageTest"/>
</testsuite> <!-- mytests.HomePageTest -->
